<?xml version="1.0" encoding="UTF-8"?>
<testsuite xmlns:xsi="http://www.w3.org/2001/XMLSchema-instance" xsi:noNamespaceSchemaLocation="https://maven.apache.org/surefire/maven-surefire-plugin/xsd/surefire-test-report-3.0.xsd" version="3.0" name="com.demo.api.developers.DevelopersResourceTest" time="3.272" tests="1" errors="0" skipped="0" failures="0">
  <properties>
[...]
</properties>
  <testcase name="testHelloEndpoint" classname="com.demo.api.developers.DevelopersResourceTest" time="1.346">
    <system-out><![CDATA[2020-08-31 18:15:39,626 INFO  [io.quarkus] (main) Quarkus 1.7.1.Final on JVM started in 1.639s. Listening on: http://0.0.0.0:8081
2020-08-31 18:15:39,647 INFO  [io.quarkus] (main) Profile test activated. 
2020-08-31 18:15:39,647 INFO  [io.quarkus] (main) Installed features: [cdi, resteasy]
]]></system-out>
  </testcase>
</testsuite>